#! /c/Source/iverilog-install/bin/vvp
:ivl_version "12.0 (devel)" "(s20150603-1539-g2693dd32b)";
:ivl_delay_selection "TYPICAL";
:vpi_time_precision - 12;
:vpi_module "C:\iverilog\lib\ivl\system.vpi";
:vpi_module "C:\iverilog\lib\ivl\vhdl_sys.vpi";
:vpi_module "C:\iverilog\lib\ivl\vhdl_textio.vpi";
:vpi_module "C:\iverilog\lib\ivl\v2005_math.vpi";
:vpi_module "C:\iverilog\lib\ivl\va_math.vpi";
:vpi_module "C:\iverilog\lib\ivl\v2009.vpi";
S_000001ac03bd89a0 .scope package, "$unit" "$unit" 2 1;
 .timescale 0 0;
S_000001ac03be8e20 .scope module, "exp_golomb_enc_tb" "exp_golomb_enc_tb" 3 5;
 .timescale -9 -12;
v000001ac03c487a0_0 .var "axiid", 8 0;
v000001ac03c47d00_0 .var "axiiv", 0 0;
v000001ac03c48340_0 .net "axiod", 15 0, L_000001ac03befea0;  1 drivers
v000001ac03c47da0_0 .net "axiov", 0 0, v000001ac03b96bb0_0;  1 drivers
v000001ac03c48200_0 .var "clk", 0 0;
v000001ac03c47e40_0 .var "rst", 0 0;
S_000001ac03be8fb0 .scope module, "exp_golomb_enc" "exp_golomb_encoder" 3 14, 4 4 0, S_000001ac03be8e20;
 .timescale -9 -12;
    .port_info 0 /INPUT 1 "clk";
    .port_info 1 /INPUT 1 "rst";
    .port_info 2 /INPUT 1 "axiiv";
    .port_info 3 /INPUT 9 "axiid";
    .port_info 4 /OUTPUT 1 "axiov";
    .port_info 5 /OUTPUT 16 "axiod";
L_000001ac03befea0 .functor BUFZ 16, v000001ac03be37f0_0, C4<0000000000000000>, C4<0000000000000000>, C4<0000000000000000>;
v000001ac03be91e0_0 .net "axiid", 8 0, v000001ac03c487a0_0;  1 drivers
v000001ac03b96a70_0 .net "axiiv", 0 0, v000001ac03c47d00_0;  1 drivers
v000001ac03b96b10_0 .net "axiod", 15 0, L_000001ac03befea0;  alias, 1 drivers
v000001ac03b96bb0_0 .var "axiov", 0 0;
v000001ac03b96c50_0 .net "clk", 0 0, v000001ac03c48200_0;  1 drivers
v000001ac03be3750_0 .var/2s "count", 31 0;
v000001ac03be37f0_0 .var "final_out", 15 0;
v000001ac03be3890_0 .var "first_one_found", 3 0;
v000001ac03be3930_0 .var "input_bit_count", 3 0;
v000001ac03be39d0_0 .var "input_plus_one", 8 0;
v000001ac03be3a70_0 .var "not_found", 0 0;
v000001ac03be3b10_0 .net "rst", 0 0, v000001ac03c47e40_0;  1 drivers
v000001ac03be3bb0_0 .var "start_zeros", 3 0;
v000001ac03be3c50_0 .var "state", 3 0;
E_000001ac03bd7340 .event posedge, v000001ac03b96c50_0;
E_000001ac03bd7380 .event anyedge, v000001ac03be3c50_0, v000001ac03be39d0_0;
S_000001ac03b968e0 .scope begin, "$ivl_for_loop0" "$ivl_for_loop0" 4 61, 4 61 0, S_000001ac03be8fb0;
 .timescale -9 -12;
v000001ac03be9140_0 .var/2s "counti", 31 0;
    .scope S_000001ac03be8fb0;
T_0 ;
    %pushi/vec4 1, 0, 1;
    %store/vec4 v000001ac03be3a70_0, 0, 1;
    %pushi/vec4 0, 0, 4;
    %store/vec4 v000001ac03be3930_0, 0, 4;
    %pushi/vec4 8, 0, 32;
    %store/vec4 v000001ac03be3750_0, 0, 32;
    %end;
    .thread T_0, $init;
    .scope S_000001ac03be8fb0;
T_1 ;
Ewait_0 .event/or E_000001ac03bd7380, E_0x0;
    %wait Ewait_0;
    %load/vec4 v000001ac03be3c50_0;
    %pad/u 32;
    %cmpi/e 1, 0, 32;
    %jmp/0xz  T_1.0, 4;
    %fork t_1, S_000001ac03b968e0;
    %jmp t_0;
    .scope S_000001ac03b968e0;
t_1 ;
    %pushi/vec4 8, 0, 32;
    %store/vec4 v000001ac03be9140_0, 0, 32;
T_1.2 ;
    %load/vec4 v000001ac03be9140_0;
    %cmpi/s 0, 0, 32;
    %flag_or 5, 4; GT is !LE
    %flag_inv 5;
    %jmp/0xz T_1.3, 5;
    %load/vec4 v000001ac03be39d0_0;
    %load/vec4 v000001ac03be9140_0;
    %part/s 1;
    %cmpi/e 1, 0, 1;
    %flag_get/vec4 4;
    %jmp/0 T_1.6, 4;
    %load/vec4 v000001ac03be3a70_0;
    %and;
T_1.6;
    %flag_set/vec4 8;
    %jmp/0xz  T_1.4, 8;
    %load/vec4 v000001ac03be9140_0;
    %addi 1, 0, 32;
    %pad/s 4;
    %store/vec4 v000001ac03be3930_0, 0, 4;
    %load/vec4 v000001ac03be9140_0;
    %pad/s 4;
    %store/vec4 v000001ac03be3bb0_0, 0, 4;
    %pushi/vec4 0, 0, 1;
    %store/vec4 v000001ac03be3a70_0, 0, 1;
T_1.4 ;
    %load/vec4 v000001ac03be9140_0;
    %subi 1, 0, 32;
    %cast2;
    %store/vec4 v000001ac03be9140_0, 0, 32;
    %jmp T_1.2;
T_1.3 ;
    %end;
    .scope S_000001ac03be8fb0;
t_0 %join;
    %jmp T_1.1;
T_1.0 ;
    %pushi/vec4 1, 0, 1;
    %store/vec4 v000001ac03be3a70_0, 0, 1;
T_1.1 ;
    %pushi/vec4 0, 0, 4;
    %store/vec4 v000001ac03be3890_0, 0, 4;
    %jmp T_1;
    .thread T_1, $push;
    .scope S_000001ac03be8fb0;
T_2 ;
    %wait E_000001ac03bd7340;
    %load/vec4 v000001ac03be3b10_0;
    %flag_set/vec4 8;
    %jmp/0xz  T_2.0, 8;
    %pushi/vec4 0, 0, 4;
    %assign/vec4 v000001ac03be3c50_0, 0;
    %pushi/vec4 0, 0, 9;
    %assign/vec4 v000001ac03be39d0_0, 0;
    %pushi/vec4 0, 0, 4;
    %assign/vec4 v000001ac03be3890_0, 0;
    %jmp T_2.1;
T_2.0 ;
    %load/vec4 v000001ac03be3c50_0;
    %dup/vec4;
    %pushi/vec4 0, 0, 4;
    %cmp/u;
    %jmp/1 T_2.2, 6;
    %dup/vec4;
    %pushi/vec4 1, 0, 4;
    %cmp/u;
    %jmp/1 T_2.3, 6;
    %dup/vec4;
    %pushi/vec4 2, 0, 4;
    %cmp/u;
    %jmp/1 T_2.4, 6;
    %jmp T_2.5;
T_2.2 ;
    %load/vec4 v000001ac03b96a70_0;
    %flag_set/vec4 8;
    %jmp/0xz  T_2.6, 8;
    %pushi/vec4 1, 0, 4;
    %assign/vec4 v000001ac03be3c50_0, 0;
    %load/vec4 v000001ac03be91e0_0;
    %addi 1, 0, 9;
    %assign/vec4 v000001ac03be39d0_0, 0;
    %pushi/vec4 0, 0, 4;
    %assign/vec4 v000001ac03be3890_0, 0;
    %pushi/vec4 8, 0, 32;
    %assign/vec4 v000001ac03be3750_0, 0;
T_2.6 ;
    %pushi/vec4 0, 0, 1;
    %assign/vec4 v000001ac03b96bb0_0, 0;
    %jmp T_2.5;
T_2.3 ;
    %pushi/vec4 1, 0, 1;
    %ix/load 5, 0, 0;
    %load/vec4 v000001ac03be3930_0;
    %load/vec4 v000001ac03be3bb0_0;
    %add;
    %ix/vec4 4;
    %assign/vec4/off/d v000001ac03be39d0_0, 4, 5;
    %pushi/vec4 2, 0, 4;
    %assign/vec4 v000001ac03be3c50_0, 0;
    %jmp T_2.5;
T_2.4 ;
    %load/vec4 v000001ac03be39d0_0;
    %pad/u 16;
    %assign/vec4 v000001ac03be37f0_0, 0;
    %pushi/vec4 1, 0, 1;
    %assign/vec4 v000001ac03b96bb0_0, 0;
    %pushi/vec4 0, 0, 4;
    %assign/vec4 v000001ac03be3c50_0, 0;
    %jmp T_2.5;
T_2.5 ;
    %pop/vec4 1;
T_2.1 ;
    %jmp T_2;
    .thread T_2;
    .scope S_000001ac03be8e20;
T_3 ;
    %delay 10000, 0;
    %load/vec4 v000001ac03c48200_0;
    %nor/r;
    %store/vec4 v000001ac03c48200_0, 0, 1;
    %jmp T_3;
    .thread T_3;
    .scope S_000001ac03be8e20;
T_4 ;
    %vpi_call/w 3 30 "$dumpfile", "exp_golomb_encoder.vcd" {0 0 0};
    %vpi_call/w 3 31 "$dumpvars", 32'sb00000000000000000000000000000000, S_000001ac03be8e20 {0 0 0};
    %vpi_call/w 3 32 "$display", "Starting Sim" {0 0 0};
    %pushi/vec4 0, 0, 1;
    %store/vec4 v000001ac03c48200_0, 0, 1;
    %pushi/vec4 0, 0, 1;
    %store/vec4 v000001ac03c47e40_0, 0, 1;
    %delay 30000, 0;
    %pushi/vec4 1, 0, 1;
    %store/vec4 v000001ac03c47e40_0, 0, 1;
    %delay 20000, 0;
    %pushi/vec4 0, 0, 1;
    %store/vec4 v000001ac03c47e40_0, 0, 1;
    %delay 20000, 0;
    %pushi/vec4 1, 0, 9;
    %store/vec4 v000001ac03c487a0_0, 0, 9;
    %pushi/vec4 1, 0, 1;
    %store/vec4 v000001ac03c47d00_0, 0, 1;
    %delay 20000, 0;
    %pushi/vec4 0, 0, 1;
    %store/vec4 v000001ac03c47d00_0, 0, 1;
    %delay 40000, 0;
    %pushi/vec4 2, 0, 9;
    %store/vec4 v000001ac03c487a0_0, 0, 9;
    %pushi/vec4 1, 0, 1;
    %store/vec4 v000001ac03c47d00_0, 0, 1;
    %delay 20000, 0;
    %pushi/vec4 0, 0, 1;
    %store/vec4 v000001ac03c47d00_0, 0, 1;
    %delay 40000, 0;
    %pushi/vec4 3, 0, 9;
    %store/vec4 v000001ac03c487a0_0, 0, 9;
    %pushi/vec4 1, 0, 1;
    %store/vec4 v000001ac03c47d00_0, 0, 1;
    %delay 20000, 0;
    %pushi/vec4 0, 0, 1;
    %store/vec4 v000001ac03c47d00_0, 0, 1;
    %delay 40000, 0;
    %pushi/vec4 4, 0, 9;
    %store/vec4 v000001ac03c487a0_0, 0, 9;
    %pushi/vec4 1, 0, 1;
    %store/vec4 v000001ac03c47d00_0, 0, 1;
    %delay 20000, 0;
    %pushi/vec4 0, 0, 1;
    %store/vec4 v000001ac03c47d00_0, 0, 1;
    %delay 40000, 0;
    %pushi/vec4 5, 0, 9;
    %store/vec4 v000001ac03c487a0_0, 0, 9;
    %pushi/vec4 1, 0, 1;
    %store/vec4 v000001ac03c47d00_0, 0, 1;
    %delay 20000, 0;
    %pushi/vec4 0, 0, 1;
    %store/vec4 v000001ac03c47d00_0, 0, 1;
    %delay 40000, 0;
    %pushi/vec4 6, 0, 9;
    %store/vec4 v000001ac03c487a0_0, 0, 9;
    %pushi/vec4 1, 0, 1;
    %store/vec4 v000001ac03c47d00_0, 0, 1;
    %delay 80000, 0;
    %vpi_call/w 3 70 "$display", "Finishing Sim" {0 0 0};
    %vpi_call/w 3 71 "$finish" {0 0 0};
    %end;
    .thread T_4;
# The file index is used to find the file name in the following table.
:file_names 5;
    "N/A";
    "<interactive>";
    "-";
    "sim/exp_golomb_enc_tb.sv";
    "src/exp_golomb_encoder/exp_golomb_encoder.sv";
