#! /usr/local/Cellar/icarus-verilog/11.0/bin/vvp
:ivl_version "11.0 (stable)";
:ivl_delay_selection "TYPICAL";
:vpi_time_precision - 12;
:vpi_module "/usr/local/Cellar/icarus-verilog/11.0/lib/ivl/system.vpi";
:vpi_module "/usr/local/Cellar/icarus-verilog/11.0/lib/ivl/vhdl_sys.vpi";
:vpi_module "/usr/local/Cellar/icarus-verilog/11.0/lib/ivl/vhdl_textio.vpi";
:vpi_module "/usr/local/Cellar/icarus-verilog/11.0/lib/ivl/v2005_math.vpi";
:vpi_module "/usr/local/Cellar/icarus-verilog/11.0/lib/ivl/va_math.vpi";
:vpi_module "/usr/local/Cellar/icarus-verilog/11.0/lib/ivl/v2009.vpi";
S_0x7fbdb2d12710 .scope package, "$unit" "$unit" 2 1;
 .timescale 0 0;
S_0x7fbdb2d07a90 .scope module, "fcs_gen_tb" "fcs_gen_tb" 3 4;
 .timescale -9 -12;
v0x7fbdb2d2f2d0_0 .var "axiid", 1 0;
v0x7fbdb2d2f3c0_0 .var "axiiv", 0 0;
v0x7fbdb2d2f490_0 .net "axiov", 0 0, v0x7fbdb2d2ed00_0;  1 drivers
v0x7fbdb2d2f520_0 .net "cksum", 31 0, v0x7fbdb2d2ed90_0;  1 drivers
v0x7fbdb2d2f5b0_0 .var "clk", 0 0;
L_0x7fbdb4463008 .functor BUFT 1, C4<010000100110000101110010011100100111100100100001001000000100001001110010011001010110000101101011011001100110000101110011011101000010000001110100011010010110110101100101>, C4<0>, C4<0>, C4<0>;
v0x7fbdb2d2f6c0_0 .net "msg", 167 0, L_0x7fbdb4463008;  1 drivers
v0x7fbdb2d2f750_0 .var "rst", 0 0;
S_0x7fbdb2d07c00 .scope begin, "$ivl_for_loop0" "$ivl_for_loop0" 3 37, 3 37 0, S_0x7fbdb2d07a90;
 .timescale -9 -12;
v0x7fbdb2d08930_0 .var/2s "i", 31 0;
S_0x7fbdb2d2dc60 .scope module, "uut" "fcs_gen" 3 11, 4 8 0, S_0x7fbdb2d07a90;
 .timescale -9 -12;
    .port_info 0 /INPUT 1 "clk";
    .port_info 1 /INPUT 1 "rst";
    .port_info 2 /INPUT 1 "axiiv";
    .port_info 3 /INPUT 2 "axiid";
    .port_info 4 /OUTPUT 32 "cksum";
    .port_info 5 /OUTPUT 1 "axiov";
L_0x7fbdb2d2f890 .functor NOT 1, v0x7fbdb2d2f3c0_0, C4<0>, C4<0>, C4<0>;
L_0x7fbdb2d2f920 .functor AND 1, v0x7fbdb2d2f130_0, L_0x7fbdb2d2f890, C4<1>, C4<1>;
L_0x7fbdb2d2fa30 .functor NOT 1, v0x7fbdb2d2f750_0, C4<0>, C4<0>, C4<0>;
L_0x7fbdb2d2fae0 .functor AND 1, L_0x7fbdb2d2f920, L_0x7fbdb2d2fa30, C4<1>, C4<1>;
L_0x7fbdb2d2fc10 .functor OR 1, v0x7fbdb2d2f750_0, L_0x7fbdb2d2fae0, C4<0>, C4<0>;
v0x7fbdb2d2e920_0 .net *"_ivl_0", 0 0, L_0x7fbdb2d2f890;  1 drivers
v0x7fbdb2d2e9b0_0 .net *"_ivl_3", 0 0, L_0x7fbdb2d2f920;  1 drivers
v0x7fbdb2d2ea40_0 .net *"_ivl_4", 0 0, L_0x7fbdb2d2fa30;  1 drivers
v0x7fbdb2d2ead0_0 .net *"_ivl_7", 0 0, L_0x7fbdb2d2fae0;  1 drivers
v0x7fbdb2d2eb70_0 .net "axiid", 1 0, v0x7fbdb2d2f2d0_0;  1 drivers
v0x7fbdb2d2ec50_0 .net "axiiv", 0 0, v0x7fbdb2d2f3c0_0;  1 drivers
v0x7fbdb2d2ed00_0 .var "axiov", 0 0;
v0x7fbdb2d2ed90_0 .var "cksum", 31 0;
v0x7fbdb2d2ee30_0 .net "clk", 0 0, v0x7fbdb2d2f5b0_0;  1 drivers
L_0x7fbdb4463050 .functor BUFT 1, C4<1>, C4<0>, C4<0>, C4<0>;
v0x7fbdb2d2ef60_0 .net "crc_done", 0 0, L_0x7fbdb4463050;  1 drivers
v0x7fbdb2d2eff0_0 .net "crc_rst", 0 0, L_0x7fbdb2d2fc10;  1 drivers
v0x7fbdb2d2f080_0 .net "fcs", 31 0, L_0x7fbdb2d2fd70;  1 drivers
v0x7fbdb2d2f130_0 .var "prev_axiiv", 0 0;
v0x7fbdb2d2f1c0_0 .net "rst", 0 0, v0x7fbdb2d2f750_0;  1 drivers
S_0x7fbdb2d2def0 .scope module, "fcs_gen" "crc32" 4 19, 5 22 0, S_0x7fbdb2d2dc60;
 .timescale -9 -12;
    .port_info 0 /INPUT 1 "clk";
    .port_info 1 /INPUT 1 "rst";
    .port_info 2 /INPUT 1 "axiiv";
    .port_info 3 /INPUT 2 "axiid";
    .port_info 4 /OUTPUT 1 "axiov";
    .port_info 5 /OUTPUT 32 "axiod";
L_0x7fbdb2d2fd70 .functor NOT 32, v0x7fbdb2d2e4a0_0, C4<00000000000000000000000000000000>, C4<00000000000000000000000000000000>, C4<00000000000000000000000000000000>;
v0x7fbdb2d2e1e0_0 .net "axiid", 1 0, v0x7fbdb2d2f2d0_0;  alias, 1 drivers
v0x7fbdb2d2e2a0_0 .net "axiiv", 0 0, v0x7fbdb2d2f3c0_0;  alias, 1 drivers
v0x7fbdb2d2e340_0 .net "axiod", 31 0, L_0x7fbdb2d2fd70;  alias, 1 drivers
v0x7fbdb2d2e400_0 .net "axiov", 0 0, L_0x7fbdb4463050;  alias, 1 drivers
v0x7fbdb2d2e4a0_0 .var "caxiod", 31 0;
v0x7fbdb2d2e590_0 .net "clk", 0 0, v0x7fbdb2d2f5b0_0;  alias, 1 drivers
v0x7fbdb2d2e630_0 .var/i "i", 31 0;
v0x7fbdb2d2e6e0_0 .net "rst", 0 0, L_0x7fbdb2d2fc10;  alias, 1 drivers
v0x7fbdb2d2e780_0 .var "saxiod", 31 0;
E_0x7fbdb2d2e170 .event posedge, v0x7fbdb2d2e590_0;
E_0x7fbdb2d2e1a0 .event edge, v0x7fbdb2d2e4a0_0, v0x7fbdb2d2e1e0_0;
    .scope S_0x7fbdb2d2def0;
T_0 ;
    %wait E_0x7fbdb2d2e1a0;
    %pushi/vec4 0, 0, 32;
    %store/vec4 v0x7fbdb2d2e630_0, 0, 32;
T_0.0 ;
    %load/vec4 v0x7fbdb2d2e630_0;
    %cmpi/s 32, 0, 32;
    %jmp/0xz T_0.1, 5;
    %load/vec4 v0x7fbdb2d2e630_0;
    %dup/vec4;
    %pushi/vec4 0, 0, 32;
    %cmp/u;
    %jmp/1 T_0.2, 6;
    %dup/vec4;
    %pushi/vec4 1, 0, 32;
    %cmp/u;
    %jmp/1 T_0.3, 6;
    %dup/vec4;
    %pushi/vec4 4, 0, 32;
    %cmp/u;
    %jmp/1 T_0.4, 6;
    %dup/vec4;
    %pushi/vec4 7, 0, 32;
    %cmp/u;
    %jmp/1 T_0.5, 6;
    %dup/vec4;
    %pushi/vec4 10, 0, 32;
    %cmp/u;
    %jmp/1 T_0.6, 6;
    %dup/vec4;
    %pushi/vec4 16, 0, 32;
    %cmp/u;
    %jmp/1 T_0.7, 6;
    %dup/vec4;
    %pushi/vec4 22, 0, 32;
    %cmp/u;
    %jmp/1 T_0.8, 6;
    %dup/vec4;
    %pushi/vec4 26, 0, 32;
    %cmp/u;
    %jmp/1 T_0.9, 6;
    %dup/vec4;
    %pushi/vec4 2, 0, 32;
    %cmp/u;
    %jmp/1 T_0.10, 6;
    %dup/vec4;
    %pushi/vec4 5, 0, 32;
    %cmp/u;
    %jmp/1 T_0.11, 6;
    %dup/vec4;
    %pushi/vec4 8, 0, 32;
    %cmp/u;
    %jmp/1 T_0.12, 6;
    %dup/vec4;
    %pushi/vec4 11, 0, 32;
    %cmp/u;
    %jmp/1 T_0.13, 6;
    %dup/vec4;
    %pushi/vec4 12, 0, 32;
    %cmp/u;
    %jmp/1 T_0.14, 6;
    %dup/vec4;
    %pushi/vec4 23, 0, 32;
    %cmp/u;
    %jmp/1 T_0.15, 6;
    %dup/vec4;
    %pushi/vec4 3, 0, 32;
    %cmp/u;
    %jmp/1 T_0.16, 6;
    %dup/vec4;
    %pushi/vec4 6, 0, 32;
    %cmp/u;
    %jmp/1 T_0.17, 6;
    %dup/vec4;
    %pushi/vec4 9, 0, 32;
    %cmp/u;
    %jmp/1 T_0.18, 6;
    %dup/vec4;
    %pushi/vec4 13, 0, 32;
    %cmp/u;
    %jmp/1 T_0.19, 6;
    %dup/vec4;
    %pushi/vec4 17, 0, 32;
    %cmp/u;
    %jmp/1 T_0.20, 6;
    %dup/vec4;
    %pushi/vec4 24, 0, 32;
    %cmp/u;
    %jmp/1 T_0.21, 6;
    %dup/vec4;
    %pushi/vec4 27, 0, 32;
    %cmp/u;
    %jmp/1 T_0.22, 6;
    %load/vec4 v0x7fbdb2d2e4a0_0;
    %load/vec4 v0x7fbdb2d2e630_0;
    %subi 2, 0, 32;
    %part/s 1;
    %ix/getv/s 4, v0x7fbdb2d2e630_0;
    %store/vec4 v0x7fbdb2d2e780_0, 4, 1;
    %jmp T_0.24;
T_0.2 ;
    %load/vec4 v0x7fbdb2d2e4a0_0;
    %parti/s 1, 30, 6;
    %load/vec4 v0x7fbdb2d2e1e0_0;
    %parti/s 1, 1, 2;
    %xor;
    %ix/getv/s 4, v0x7fbdb2d2e630_0;
    %store/vec4 v0x7fbdb2d2e780_0, 4, 1;
    %jmp T_0.24;
T_0.3 ;
    %load/vec4 v0x7fbdb2d2e4a0_0;
    %parti/s 1, 31, 6;
    %load/vec4 v0x7fbdb2d2e1e0_0;
    %parti/s 1, 0, 2;
    %xor;
    %load/vec4 v0x7fbdb2d2e4a0_0;
    %parti/s 1, 30, 6;
    %load/vec4 v0x7fbdb2d2e1e0_0;
    %parti/s 1, 1, 2;
    %xor;
    %xor;
    %ix/getv/s 4, v0x7fbdb2d2e630_0;
    %store/vec4 v0x7fbdb2d2e780_0, 4, 1;
    %jmp T_0.24;
T_0.4 ;
    %load/vec4 v0x7fbdb2d2e4a0_0;
    %load/vec4 v0x7fbdb2d2e630_0;
    %subi 2, 0, 32;
    %part/s 1;
    %load/vec4 v0x7fbdb2d2e4a0_0;
    %parti/s 1, 30, 6;
    %load/vec4 v0x7fbdb2d2e1e0_0;
    %parti/s 1, 1, 2;
    %xor;
    %xor;
    %ix/getv/s 4, v0x7fbdb2d2e630_0;
    %store/vec4 v0x7fbdb2d2e780_0, 4, 1;
    %jmp T_0.24;
T_0.5 ;
    %load/vec4 v0x7fbdb2d2e4a0_0;
    %load/vec4 v0x7fbdb2d2e630_0;
    %subi 2, 0, 32;
    %part/s 1;
    %load/vec4 v0x7fbdb2d2e4a0_0;
    %parti/s 1, 30, 6;
    %load/vec4 v0x7fbdb2d2e1e0_0;
    %parti/s 1, 1, 2;
    %xor;
    %xor;
    %ix/getv/s 4, v0x7fbdb2d2e630_0;
    %store/vec4 v0x7fbdb2d2e780_0, 4, 1;
    %jmp T_0.24;
T_0.6 ;
    %load/vec4 v0x7fbdb2d2e4a0_0;
    %load/vec4 v0x7fbdb2d2e630_0;
    %subi 2, 0, 32;
    %part/s 1;
    %load/vec4 v0x7fbdb2d2e4a0_0;
    %parti/s 1, 30, 6;
    %load/vec4 v0x7fbdb2d2e1e0_0;
    %parti/s 1, 1, 2;
    %xor;
    %xor;
    %ix/getv/s 4, v0x7fbdb2d2e630_0;
    %store/vec4 v0x7fbdb2d2e780_0, 4, 1;
    %jmp T_0.24;
T_0.7 ;
    %load/vec4 v0x7fbdb2d2e4a0_0;
    %load/vec4 v0x7fbdb2d2e630_0;
    %subi 2, 0, 32;
    %part/s 1;
    %load/vec4 v0x7fbdb2d2e4a0_0;
    %parti/s 1, 30, 6;
    %load/vec4 v0x7fbdb2d2e1e0_0;
    %parti/s 1, 1, 2;
    %xor;
    %xor;
    %ix/getv/s 4, v0x7fbdb2d2e630_0;
    %store/vec4 v0x7fbdb2d2e780_0, 4, 1;
    %jmp T_0.24;
T_0.8 ;
    %load/vec4 v0x7fbdb2d2e4a0_0;
    %load/vec4 v0x7fbdb2d2e630_0;
    %subi 2, 0, 32;
    %part/s 1;
    %load/vec4 v0x7fbdb2d2e4a0_0;
    %parti/s 1, 30, 6;
    %load/vec4 v0x7fbdb2d2e1e0_0;
    %parti/s 1, 1, 2;
    %xor;
    %xor;
    %ix/getv/s 4, v0x7fbdb2d2e630_0;
    %store/vec4 v0x7fbdb2d2e780_0, 4, 1;
    %jmp T_0.24;
T_0.9 ;
    %load/vec4 v0x7fbdb2d2e4a0_0;
    %load/vec4 v0x7fbdb2d2e630_0;
    %subi 2, 0, 32;
    %part/s 1;
    %load/vec4 v0x7fbdb2d2e4a0_0;
    %parti/s 1, 30, 6;
    %load/vec4 v0x7fbdb2d2e1e0_0;
    %parti/s 1, 1, 2;
    %xor;
    %xor;
    %ix/getv/s 4, v0x7fbdb2d2e630_0;
    %store/vec4 v0x7fbdb2d2e780_0, 4, 1;
    %jmp T_0.24;
T_0.10 ;
    %load/vec4 v0x7fbdb2d2e4a0_0;
    %load/vec4 v0x7fbdb2d2e630_0;
    %subi 2, 0, 32;
    %part/s 1;
    %load/vec4 v0x7fbdb2d2e4a0_0;
    %parti/s 1, 31, 6;
    %load/vec4 v0x7fbdb2d2e1e0_0;
    %parti/s 1, 0, 2;
    %xor;
    %load/vec4 v0x7fbdb2d2e4a0_0;
    %parti/s 1, 30, 6;
    %load/vec4 v0x7fbdb2d2e1e0_0;
    %parti/s 1, 1, 2;
    %xor;
    %xor;
    %xor;
    %ix/getv/s 4, v0x7fbdb2d2e630_0;
    %store/vec4 v0x7fbdb2d2e780_0, 4, 1;
    %jmp T_0.24;
T_0.11 ;
    %load/vec4 v0x7fbdb2d2e4a0_0;
    %load/vec4 v0x7fbdb2d2e630_0;
    %subi 2, 0, 32;
    %part/s 1;
    %load/vec4 v0x7fbdb2d2e4a0_0;
    %parti/s 1, 31, 6;
    %load/vec4 v0x7fbdb2d2e1e0_0;
    %parti/s 1, 0, 2;
    %xor;
    %load/vec4 v0x7fbdb2d2e4a0_0;
    %parti/s 1, 30, 6;
    %load/vec4 v0x7fbdb2d2e1e0_0;
    %parti/s 1, 1, 2;
    %xor;
    %xor;
    %xor;
    %ix/getv/s 4, v0x7fbdb2d2e630_0;
    %store/vec4 v0x7fbdb2d2e780_0, 4, 1;
    %jmp T_0.24;
T_0.12 ;
    %load/vec4 v0x7fbdb2d2e4a0_0;
    %load/vec4 v0x7fbdb2d2e630_0;
    %subi 2, 0, 32;
    %part/s 1;
    %load/vec4 v0x7fbdb2d2e4a0_0;
    %parti/s 1, 31, 6;
    %load/vec4 v0x7fbdb2d2e1e0_0;
    %parti/s 1, 0, 2;
    %xor;
    %load/vec4 v0x7fbdb2d2e4a0_0;
    %parti/s 1, 30, 6;
    %load/vec4 v0x7fbdb2d2e1e0_0;
    %parti/s 1, 1, 2;
    %xor;
    %xor;
    %xor;
    %ix/getv/s 4, v0x7fbdb2d2e630_0;
    %store/vec4 v0x7fbdb2d2e780_0, 4, 1;
    %jmp T_0.24;
T_0.13 ;
    %load/vec4 v0x7fbdb2d2e4a0_0;
    %load/vec4 v0x7fbdb2d2e630_0;
    %subi 2, 0, 32;
    %part/s 1;
    %load/vec4 v0x7fbdb2d2e4a0_0;
    %parti/s 1, 31, 6;
    %load/vec4 v0x7fbdb2d2e1e0_0;
    %parti/s 1, 0, 2;
    %xor;
    %load/vec4 v0x7fbdb2d2e4a0_0;
    %parti/s 1, 30, 6;
    %load/vec4 v0x7fbdb2d2e1e0_0;
    %parti/s 1, 1, 2;
    %xor;
    %xor;
    %xor;
    %ix/getv/s 4, v0x7fbdb2d2e630_0;
    %store/vec4 v0x7fbdb2d2e780_0, 4, 1;
    %jmp T_0.24;
T_0.14 ;
    %load/vec4 v0x7fbdb2d2e4a0_0;
    %load/vec4 v0x7fbdb2d2e630_0;
    %subi 2, 0, 32;
    %part/s 1;
    %load/vec4 v0x7fbdb2d2e4a0_0;
    %parti/s 1, 31, 6;
    %load/vec4 v0x7fbdb2d2e1e0_0;
    %parti/s 1, 0, 2;
    %xor;
    %load/vec4 v0x7fbdb2d2e4a0_0;
    %parti/s 1, 30, 6;
    %load/vec4 v0x7fbdb2d2e1e0_0;
    %parti/s 1, 1, 2;
    %xor;
    %xor;
    %xor;
    %ix/getv/s 4, v0x7fbdb2d2e630_0;
    %store/vec4 v0x7fbdb2d2e780_0, 4, 1;
    %jmp T_0.24;
T_0.15 ;
    %load/vec4 v0x7fbdb2d2e4a0_0;
    %load/vec4 v0x7fbdb2d2e630_0;
    %subi 2, 0, 32;
    %part/s 1;
    %load/vec4 v0x7fbdb2d2e4a0_0;
    %parti/s 1, 31, 6;
    %load/vec4 v0x7fbdb2d2e1e0_0;
    %parti/s 1, 0, 2;
    %xor;
    %load/vec4 v0x7fbdb2d2e4a0_0;
    %parti/s 1, 30, 6;
    %load/vec4 v0x7fbdb2d2e1e0_0;
    %parti/s 1, 1, 2;
    %xor;
    %xor;
    %xor;
    %ix/getv/s 4, v0x7fbdb2d2e630_0;
    %store/vec4 v0x7fbdb2d2e780_0, 4, 1;
    %jmp T_0.24;
T_0.16 ;
    %load/vec4 v0x7fbdb2d2e4a0_0;
    %load/vec4 v0x7fbdb2d2e630_0;
    %subi 2, 0, 32;
    %part/s 1;
    %load/vec4 v0x7fbdb2d2e4a0_0;
    %parti/s 1, 31, 6;
    %load/vec4 v0x7fbdb2d2e1e0_0;
    %parti/s 1, 0, 2;
    %xor;
    %xor;
    %ix/getv/s 4, v0x7fbdb2d2e630_0;
    %store/vec4 v0x7fbdb2d2e780_0, 4, 1;
    %jmp T_0.24;
T_0.17 ;
    %load/vec4 v0x7fbdb2d2e4a0_0;
    %load/vec4 v0x7fbdb2d2e630_0;
    %subi 2, 0, 32;
    %part/s 1;
    %load/vec4 v0x7fbdb2d2e4a0_0;
    %parti/s 1, 31, 6;
    %load/vec4 v0x7fbdb2d2e1e0_0;
    %parti/s 1, 0, 2;
    %xor;
    %xor;
    %ix/getv/s 4, v0x7fbdb2d2e630_0;
    %store/vec4 v0x7fbdb2d2e780_0, 4, 1;
    %jmp T_0.24;
T_0.18 ;
    %load/vec4 v0x7fbdb2d2e4a0_0;
    %load/vec4 v0x7fbdb2d2e630_0;
    %subi 2, 0, 32;
    %part/s 1;
    %load/vec4 v0x7fbdb2d2e4a0_0;
    %parti/s 1, 31, 6;
    %load/vec4 v0x7fbdb2d2e1e0_0;
    %parti/s 1, 0, 2;
    %xor;
    %xor;
    %ix/getv/s 4, v0x7fbdb2d2e630_0;
    %store/vec4 v0x7fbdb2d2e780_0, 4, 1;
    %jmp T_0.24;
T_0.19 ;
    %load/vec4 v0x7fbdb2d2e4a0_0;
    %load/vec4 v0x7fbdb2d2e630_0;
    %subi 2, 0, 32;
    %part/s 1;
    %load/vec4 v0x7fbdb2d2e4a0_0;
    %parti/s 1, 31, 6;
    %load/vec4 v0x7fbdb2d2e1e0_0;
    %parti/s 1, 0, 2;
    %xor;
    %xor;
    %ix/getv/s 4, v0x7fbdb2d2e630_0;
    %store/vec4 v0x7fbdb2d2e780_0, 4, 1;
    %jmp T_0.24;
T_0.20 ;
    %load/vec4 v0x7fbdb2d2e4a0_0;
    %load/vec4 v0x7fbdb2d2e630_0;
    %subi 2, 0, 32;
    %part/s 1;
    %load/vec4 v0x7fbdb2d2e4a0_0;
    %parti/s 1, 31, 6;
    %load/vec4 v0x7fbdb2d2e1e0_0;
    %parti/s 1, 0, 2;
    %xor;
    %xor;
    %ix/getv/s 4, v0x7fbdb2d2e630_0;
    %store/vec4 v0x7fbdb2d2e780_0, 4, 1;
    %jmp T_0.24;
T_0.21 ;
    %load/vec4 v0x7fbdb2d2e4a0_0;
    %load/vec4 v0x7fbdb2d2e630_0;
    %subi 2, 0, 32;
    %part/s 1;
    %load/vec4 v0x7fbdb2d2e4a0_0;
    %parti/s 1, 31, 6;
    %load/vec4 v0x7fbdb2d2e1e0_0;
    %parti/s 1, 0, 2;
    %xor;
    %xor;
    %ix/getv/s 4, v0x7fbdb2d2e630_0;
    %store/vec4 v0x7fbdb2d2e780_0, 4, 1;
    %jmp T_0.24;
T_0.22 ;
    %load/vec4 v0x7fbdb2d2e4a0_0;
    %load/vec4 v0x7fbdb2d2e630_0;
    %subi 2, 0, 32;
    %part/s 1;
    %load/vec4 v0x7fbdb2d2e4a0_0;
    %parti/s 1, 31, 6;
    %load/vec4 v0x7fbdb2d2e1e0_0;
    %parti/s 1, 0, 2;
    %xor;
    %xor;
    %ix/getv/s 4, v0x7fbdb2d2e630_0;
    %store/vec4 v0x7fbdb2d2e780_0, 4, 1;
    %jmp T_0.24;
T_0.24 ;
    %pop/vec4 1;
    %load/vec4 v0x7fbdb2d2e630_0;
    %addi 1, 0, 32;
    %store/vec4 v0x7fbdb2d2e630_0, 0, 32;
    %jmp T_0.0;
T_0.1 ;
    %jmp T_0;
    .thread T_0, $push;
    .scope S_0x7fbdb2d2def0;
T_1 ;
    %wait E_0x7fbdb2d2e170;
    %load/vec4 v0x7fbdb2d2e6e0_0;
    %flag_set/vec4 8;
    %jmp/0xz  T_1.0, 8;
    %pushi/vec4 4294967295, 0, 32;
    %assign/vec4 v0x7fbdb2d2e4a0_0, 0;
    %jmp T_1.1;
T_1.0 ;
    %load/vec4 v0x7fbdb2d2e2a0_0;
    %flag_set/vec4 8;
    %jmp/0 T_1.2, 8;
    %load/vec4 v0x7fbdb2d2e780_0;
    %jmp/1 T_1.3, 8;
T_1.2 ; End of true expr.
    %load/vec4 v0x7fbdb2d2e4a0_0;
    %jmp/0 T_1.3, 8;
 ; End of false expr.
    %blend;
T_1.3;
    %assign/vec4 v0x7fbdb2d2e4a0_0, 0;
T_1.1 ;
    %jmp T_1;
    .thread T_1;
    .scope S_0x7fbdb2d2dc60;
T_2 ;
    %wait E_0x7fbdb2d2e170;
    %load/vec4 v0x7fbdb2d2f1c0_0;
    %flag_set/vec4 8;
    %jmp/0xz  T_2.0, 8;
    %pushi/vec4 0, 0, 1;
    %assign/vec4 v0x7fbdb2d2ed00_0, 0;
    %pushi/vec4 0, 0, 1;
    %assign/vec4 v0x7fbdb2d2f130_0, 0;
    %jmp T_2.1;
T_2.0 ;
    %load/vec4 v0x7fbdb2d2ec50_0;
    %assign/vec4 v0x7fbdb2d2f130_0, 0;
T_2.1 ;
    %load/vec4 v0x7fbdb2d2f130_0;
    %inv;
    %load/vec4 v0x7fbdb2d2ec50_0;
    %and;
    %load/vec4 v0x7fbdb2d2f1c0_0;
    %inv;
    %and;
    %flag_set/vec4 8;
    %jmp/0xz  T_2.2, 8;
    %pushi/vec4 0, 0, 1;
    %assign/vec4 v0x7fbdb2d2ed00_0, 0;
T_2.2 ;
    %load/vec4 v0x7fbdb2d2f130_0;
    %load/vec4 v0x7fbdb2d2ec50_0;
    %inv;
    %and;
    %load/vec4 v0x7fbdb2d2f1c0_0;
    %inv;
    %and;
    %flag_set/vec4 8;
    %jmp/0xz  T_2.4, 8;
    %pushi/vec4 1, 0, 1;
    %assign/vec4 v0x7fbdb2d2ed00_0, 0;
    %load/vec4 v0x7fbdb2d2f080_0;
    %assign/vec4 v0x7fbdb2d2ed90_0, 0;
T_2.4 ;
    %jmp T_2;
    .thread T_2;
    .scope S_0x7fbdb2d07a90;
T_3 ;
    %delay 10000, 0;
    %load/vec4 v0x7fbdb2d2f5b0_0;
    %nor/r;
    %store/vec4 v0x7fbdb2d2f5b0_0, 0, 1;
    %jmp T_3;
    .thread T_3;
    .scope S_0x7fbdb2d07a90;
T_4 ;
    %vpi_call/w 3 26 "$dumpfile", "fcs_gen.vcd" {0 0 0};
    %vpi_call/w 3 27 "$dumpvars", 32'sb00000000000000000000000000000000, S_0x7fbdb2d07a90 {0 0 0};
    %pushi/vec4 1, 0, 1;
    %store/vec4 v0x7fbdb2d2f5b0_0, 0, 1;
    %delay 20000, 0;
    %pushi/vec4 1, 0, 1;
    %store/vec4 v0x7fbdb2d2f750_0, 0, 1;
    %pushi/vec4 1, 0, 1;
    %store/vec4 v0x7fbdb2d2f3c0_0, 0, 1;
    %delay 20000, 0;
    %pushi/vec4 0, 0, 1;
    %store/vec4 v0x7fbdb2d2f750_0, 0, 1;
    %pushi/vec4 0, 0, 1;
    %store/vec4 v0x7fbdb2d2f3c0_0, 0, 1;
    %delay 20000, 0;
    %fork t_1, S_0x7fbdb2d07c00;
    %jmp t_0;
    .scope S_0x7fbdb2d07c00;
t_1 ;
    %pushi/vec4 0, 0, 32;
    %store/vec4 v0x7fbdb2d08930_0, 0, 32;
T_4.0 ;
    %load/vec4 v0x7fbdb2d08930_0;
    %cmpi/s 84, 0, 32;
    %jmp/0xz T_4.1, 5;
    %load/vec4 v0x7fbdb2d2f6c0_0;
    %pushi/vec4 167, 0, 32;
    %load/vec4 v0x7fbdb2d08930_0;
    %muli 2, 0, 32;
    %sub;
    %subi 1, 0, 32;
    %part/s 1;
    %load/vec4 v0x7fbdb2d2f6c0_0;
    %pushi/vec4 167, 0, 32;
    %load/vec4 v0x7fbdb2d08930_0;
    %muli 2, 0, 32;
    %sub;
    %part/s 1;
    %concat/vec4; draw_concat_vec4
    %store/vec4 v0x7fbdb2d2f2d0_0, 0, 2;
    %pushi/vec4 1, 0, 1;
    %store/vec4 v0x7fbdb2d2f3c0_0, 0, 1;
    %vpi_call/w 3 40 "$display", "%b           %b        %b       %d", v0x7fbdb2d2f3c0_0, v0x7fbdb2d2f2d0_0, v0x7fbdb2d2f490_0, v0x7fbdb2d2f520_0 {0 0 0};
    %delay 20000, 0;
    %load/vec4 v0x7fbdb2d08930_0;
    %addi 1, 0, 32;
    %cast2;
    %store/vec4 v0x7fbdb2d08930_0, 0, 32;
    %jmp T_4.0;
T_4.1 ;
    %end;
    .scope S_0x7fbdb2d07a90;
t_0 %join;
    %delay 20000, 0;
    %pushi/vec4 0, 0, 1;
    %store/vec4 v0x7fbdb2d2f3c0_0, 0, 1;
    %delay 60000, 0;
    %pushi/vec4 1, 0, 1;
    %store/vec4 v0x7fbdb2d2f3c0_0, 0, 1;
    %vpi_call/w 3 47 "$display", "%b           %b        %b       %d", v0x7fbdb2d2f3c0_0, v0x7fbdb2d2f2d0_0, v0x7fbdb2d2f490_0, v0x7fbdb2d2f520_0 {0 0 0};
    %delay 200000, 0;
    %vpi_call/w 3 50 "$display", "Finishing sim" {0 0 0};
    %vpi_call/w 3 51 "$finish" {0 0 0};
    %end;
    .thread T_4;
# The file index is used to find the file name in the following table.
:file_names 6;
    "N/A";
    "<interactive>";
    "-";
    "ethernet_tb/fcs_gen_tb.sv";
    "ethernet_packager/fcs_gen.sv";
    "ethernet_packager/crc32.sv";
