#! /c/Source/iverilog-install/bin/vvp
:ivl_version "12.0 (devel)" "(s20150603-1539-g2693dd32b)";
:ivl_delay_selection "TYPICAL";
:vpi_time_precision - 12;
:vpi_module "C:\iverilog\lib\ivl\system.vpi";
:vpi_module "C:\iverilog\lib\ivl\vhdl_sys.vpi";
:vpi_module "C:\iverilog\lib\ivl\vhdl_textio.vpi";
:vpi_module "C:\iverilog\lib\ivl\v2005_math.vpi";
:vpi_module "C:\iverilog\lib\ivl\va_math.vpi";
:vpi_module "C:\iverilog\lib\ivl\v2009.vpi";
S_0000024cc23ab9a0 .scope package, "$unit" "$unit" 2 1;
 .timescale 0 0;
S_0000024cc23a87e0 .scope module, "exp_golomb_enc_tb" "exp_golomb_enc_tb" 3 5;
 .timescale -9 -12;
v0000024cc22816b0_0 .var "axiid", 15 0;
v0000024cc2281750_0 .var "axiiv", 0 0;
v0000024cc22818e0_0 .net "axiod", 8 0, v0000024cc228b320_0;  1 drivers
v0000024cc2281b60_0 .net "axiov", 0 0, v0000024cc228b3c0_0;  1 drivers
v0000024cc2281d40_0 .var "clk", 0 0;
v0000024cc2282100_0 .var "rst", 0 0;
S_0000024cc23abcc0 .scope module, "exp_golomb_dec" "exp_golomb_decoder" 3 16, 4 4 0, S_0000024cc23a87e0;
 .timescale -9 -12;
    .port_info 0 /INPUT 1 "clk";
    .port_info 1 /INPUT 1 "rst";
    .port_info 2 /INPUT 1 "axiiv";
    .port_info 3 /INPUT 16 "axiid";
    .port_info 4 /OUTPUT 1 "axiov";
    .port_info 5 /OUTPUT 9 "axiod";
v0000024cc228b1e0_0 .net "axiid", 15 0, v0000024cc22816b0_0;  1 drivers
v0000024cc228b280_0 .net "axiiv", 0 0, v0000024cc2281750_0;  1 drivers
v0000024cc228b320_0 .var "axiod", 8 0;
v0000024cc228b3c0_0 .var "axiov", 0 0;
v0000024cc228b460_0 .net "clk", 0 0, v0000024cc2281d40_0;  1 drivers
v0000024cc228b500_0 .var "delimitating_one_found", 0 0;
v0000024cc228b5a0_0 .var "leading_zeros", 4 0;
v0000024cc2281390_0 .var "not_found", 0 0;
v0000024cc2281430_0 .net "rst", 0 0, v0000024cc2282100_0;  1 drivers
v0000024cc22814d0_0 .var "state", 3 0;
v0000024cc2281570_0 .var "temp_inout", 15 0;
v0000024cc2281610_0 .var "temp_input", 15 0;
E_0000024cc22797e0 .event posedge, v0000024cc228b460_0;
E_0000024cc2278e20 .event anyedge, v0000024cc22814d0_0, v0000024cc228b1e0_0;
S_0000024cc23abe50 .scope begin, "$ivl_for_loop0" "$ivl_for_loop0" 4 22, 4 22 0, S_0000024cc23abcc0;
 .timescale -9 -12;
v0000024cc23a8970_0 .var/2s "counti", 31 0;
    .scope S_0000024cc23abcc0;
T_0 ;
    %pushi/vec4 1, 0, 1;
    %store/vec4 v0000024cc228b500_0, 0, 1;
    %pushi/vec4 1, 0, 1;
    %store/vec4 v0000024cc2281390_0, 0, 1;
    %pushi/vec4 0, 0, 16;
    %store/vec4 v0000024cc2281610_0, 0, 16;
    %pushi/vec4 0, 0, 5;
    %store/vec4 v0000024cc228b5a0_0, 0, 5;
    %end;
    .thread T_0, $init;
    .scope S_0000024cc23abcc0;
T_1 ;
Ewait_0 .event/or E_0000024cc2278e20, E_0x0;
    %wait Ewait_0;
    %load/vec4 v0000024cc22814d0_0;
    %pad/u 32;
    %cmpi/e 1, 0, 32;
    %jmp/0xz  T_1.0, 4;
    %load/vec4 v0000024cc228b1e0_0;
    %store/vec4 v0000024cc2281610_0, 0, 16;
    %fork t_1, S_0000024cc23abe50;
    %jmp t_0;
    .scope S_0000024cc23abe50;
t_1 ;
    %pushi/vec4 15, 0, 32;
    %store/vec4 v0000024cc23a8970_0, 0, 32;
T_1.2 ;
    %load/vec4 v0000024cc23a8970_0;
    %cmpi/s 0, 0, 32;
    %flag_inv 5; GE is !LT
    %jmp/0xz T_1.3, 5;
    %load/vec4 v0000024cc228b1e0_0;
    %load/vec4 v0000024cc23a8970_0;
    %part/s 1;
    %cmpi/e 1, 0, 1;
    %flag_get/vec4 4;
    %jmp/0 T_1.6, 4;
    %load/vec4 v0000024cc2281390_0;
    %and;
T_1.6;
    %flag_set/vec4 8;
    %jmp/0xz  T_1.4, 8;
    %load/vec4 v0000024cc228b500_0;
    %flag_set/vec4 8;
    %jmp/0xz  T_1.7, 8;
    %pushi/vec4 0, 0, 1;
    %store/vec4 v0000024cc228b500_0, 0, 1;
    %pushi/vec4 0, 0, 1;
    %ix/getv/s 4, v0000024cc23a8970_0;
    %store/vec4 v0000024cc2281610_0, 4, 1;
    %jmp T_1.8;
T_1.7 ;
    %pushi/vec4 0, 0, 1;
    %store/vec4 v0000024cc2281390_0, 0, 1;
    %pushi/vec4 0, 0, 1;
    %ix/getv/s 4, v0000024cc23a8970_0;
    %store/vec4 v0000024cc2281610_0, 4, 1;
    %load/vec4 v0000024cc228b5a0_0;
    %pad/u 32;
    %cmpi/e 0, 0, 32;
    %jmp/0xz  T_1.9, 4;
    %pushi/vec4 0, 0, 16;
    %store/vec4 v0000024cc2281570_0, 0, 16;
    %jmp T_1.10;
T_1.9 ;
    %pushi/vec4 2, 0, 32;
    %load/vec4 v0000024cc228b5a0_0;
    %pow;
    %load/vec4 v0000024cc2281610_0;
    %pad/u 32;
    %add;
    %subi 1, 0, 32;
    %pad/u 16;
    %store/vec4 v0000024cc2281570_0, 0, 16;
T_1.10 ;
T_1.8 ;
    %jmp T_1.5;
T_1.4 ;
    %load/vec4 v0000024cc228b500_0;
    %inv;
    %flag_set/vec4 9;
    %flag_get/vec4 9;
    %jmp/0 T_1.13, 9;
    %load/vec4 v0000024cc2281390_0;
    %and;
T_1.13;
    %flag_set/vec4 8;
    %jmp/0xz  T_1.11, 8;
    %load/vec4 v0000024cc228b5a0_0;
    %addi 1, 0, 5;
    %store/vec4 v0000024cc228b5a0_0, 0, 5;
T_1.11 ;
T_1.5 ;
    %load/vec4 v0000024cc23a8970_0;
    %subi 1, 0, 32;
    %cast2;
    %store/vec4 v0000024cc23a8970_0, 0, 32;
    %jmp T_1.2;
T_1.3 ;
    %end;
    .scope S_0000024cc23abcc0;
t_0 %join;
    %jmp T_1.1;
T_1.0 ;
    %pushi/vec4 1, 0, 1;
    %store/vec4 v0000024cc2281390_0, 0, 1;
    %pushi/vec4 1, 0, 1;
    %store/vec4 v0000024cc228b500_0, 0, 1;
    %pushi/vec4 0, 0, 5;
    %store/vec4 v0000024cc228b5a0_0, 0, 5;
T_1.1 ;
    %jmp T_1;
    .thread T_1, $push;
    .scope S_0000024cc23abcc0;
T_2 ;
    %wait E_0000024cc22797e0;
    %load/vec4 v0000024cc2281430_0;
    %flag_set/vec4 8;
    %jmp/0xz  T_2.0, 8;
    %pushi/vec4 0, 0, 4;
    %assign/vec4 v0000024cc22814d0_0, 0;
    %jmp T_2.1;
T_2.0 ;
    %load/vec4 v0000024cc22814d0_0;
    %dup/vec4;
    %pushi/vec4 0, 0, 4;
    %cmp/u;
    %jmp/1 T_2.2, 6;
    %dup/vec4;
    %pushi/vec4 1, 0, 4;
    %cmp/u;
    %jmp/1 T_2.3, 6;
    %dup/vec4;
    %pushi/vec4 2, 0, 4;
    %cmp/u;
    %jmp/1 T_2.4, 6;
    %jmp T_2.5;
T_2.2 ;
    %load/vec4 v0000024cc228b280_0;
    %flag_set/vec4 8;
    %jmp/0xz  T_2.6, 8;
    %pushi/vec4 1, 0, 4;
    %assign/vec4 v0000024cc22814d0_0, 0;
T_2.6 ;
    %pushi/vec4 0, 0, 1;
    %assign/vec4 v0000024cc228b3c0_0, 0;
    %jmp T_2.5;
T_2.3 ;
    %pushi/vec4 2, 0, 4;
    %assign/vec4 v0000024cc22814d0_0, 0;
    %jmp T_2.5;
T_2.4 ;
    %load/vec4 v0000024cc2281570_0;
    %pad/u 9;
    %assign/vec4 v0000024cc228b320_0, 0;
    %pushi/vec4 1, 0, 1;
    %assign/vec4 v0000024cc228b3c0_0, 0;
    %pushi/vec4 0, 0, 4;
    %assign/vec4 v0000024cc22814d0_0, 0;
    %jmp T_2.5;
T_2.5 ;
    %pop/vec4 1;
T_2.1 ;
    %jmp T_2;
    .thread T_2;
    .scope S_0000024cc23a87e0;
T_3 ;
    %delay 10000, 0;
    %load/vec4 v0000024cc2281d40_0;
    %nor/r;
    %store/vec4 v0000024cc2281d40_0, 0, 1;
    %jmp T_3;
    .thread T_3;
    .scope S_0000024cc23a87e0;
T_4 ;
    %vpi_call/w 3 31 "$dumpfile", "exp_golomb_decoder.vcd" {0 0 0};
    %vpi_call/w 3 32 "$dumpvars", 32'sb00000000000000000000000000000000, S_0000024cc23a87e0 {0 0 0};
    %vpi_call/w 3 33 "$display", "Starting Sim" {0 0 0};
    %pushi/vec4 0, 0, 1;
    %store/vec4 v0000024cc2281d40_0, 0, 1;
    %pushi/vec4 0, 0, 1;
    %store/vec4 v0000024cc2282100_0, 0, 1;
    %delay 30000, 0;
    %pushi/vec4 1, 0, 1;
    %store/vec4 v0000024cc2282100_0, 0, 1;
    %delay 20000, 0;
    %pushi/vec4 0, 0, 1;
    %store/vec4 v0000024cc2282100_0, 0, 1;
    %delay 80000, 0;
    %pushi/vec4 0, 0, 1;
    %store/vec4 v0000024cc2281750_0, 0, 1;
    %delay 20000, 0;
    %pushi/vec4 1, 0, 1;
    %store/vec4 v0000024cc2281750_0, 0, 1;
    %pushi/vec4 3, 0, 16;
    %store/vec4 v0000024cc22816b0_0, 0, 16;
    %delay 20000, 0;
    %pushi/vec4 0, 0, 1;
    %store/vec4 v0000024cc2281750_0, 0, 1;
    %delay 100000, 0;
    %pushi/vec4 1, 0, 1;
    %store/vec4 v0000024cc2281750_0, 0, 1;
    %pushi/vec4 36, 0, 16;
    %store/vec4 v0000024cc22816b0_0, 0, 16;
    %delay 20000, 0;
    %pushi/vec4 0, 0, 1;
    %store/vec4 v0000024cc2281750_0, 0, 1;
    %delay 100000, 0;
    %pushi/vec4 1, 0, 1;
    %store/vec4 v0000024cc2281750_0, 0, 1;
    %pushi/vec4 37, 0, 16;
    %store/vec4 v0000024cc22816b0_0, 0, 16;
    %delay 20000, 0;
    %pushi/vec4 0, 0, 1;
    %store/vec4 v0000024cc2281750_0, 0, 1;
    %delay 40000, 0;
    %pushi/vec4 1, 0, 1;
    %store/vec4 v0000024cc2281750_0, 0, 1;
    %pushi/vec4 38, 0, 16;
    %store/vec4 v0000024cc22816b0_0, 0, 16;
    %delay 20000, 0;
    %pushi/vec4 0, 0, 1;
    %store/vec4 v0000024cc2281750_0, 0, 1;
    %delay 40000, 0;
    %pushi/vec4 1, 0, 1;
    %store/vec4 v0000024cc2281750_0, 0, 1;
    %pushi/vec4 39, 0, 16;
    %store/vec4 v0000024cc22816b0_0, 0, 16;
    %delay 20000, 0;
    %pushi/vec4 0, 0, 1;
    %store/vec4 v0000024cc2281750_0, 0, 1;
    %delay 40000, 0;
    %pushi/vec4 1, 0, 1;
    %store/vec4 v0000024cc2281750_0, 0, 1;
    %pushi/vec4 136, 0, 16;
    %store/vec4 v0000024cc22816b0_0, 0, 16;
    %delay 20000, 0;
    %pushi/vec4 0, 0, 1;
    %store/vec4 v0000024cc2281750_0, 0, 1;
    %delay 40000, 0;
    %pushi/vec4 1, 0, 1;
    %store/vec4 v0000024cc2281750_0, 0, 1;
    %pushi/vec4 137, 0, 16;
    %store/vec4 v0000024cc22816b0_0, 0, 16;
    %delay 20000, 0;
    %pushi/vec4 0, 0, 1;
    %store/vec4 v0000024cc2281750_0, 0, 1;
    %delay 40000, 0;
    %vpi_call/w 3 105 "$display", "Finishing Sim" {0 0 0};
    %vpi_call/w 3 106 "$finish" {0 0 0};
    %end;
    .thread T_4;
# The file index is used to find the file name in the following table.
:file_names 5;
    "N/A";
    "<interactive>";
    "-";
    "sim/exp_golomb_dec_tb.sv";
    "src/exp_golomb_decoder/exp_golomb_decoder.sv";
